This is pdfTeX, Version 3.141592653-2.6-1.40.28 (TeX Live 2025) (preloaded format=pdflatex 2026.2.27)  11 JUN 2026 01:40
entering extended mode
 restricted \write18 enabled.
 %&-line parsing enabled.
**Final-Project.tex
(./Final-Project.tex
LaTeX2e <2025-11-01>
L3 programming layer <2026-01-19>
(c:/Users/User/AppData/Roaming/TinyTeX/texmf-dist/tex/latex/base/article.cls
Document Class: article 2025/01/22 v1.4n Standard LaTeX document class
(c:/Users/User/AppData/Roaming/TinyTeX/texmf-dist/tex/latex/base/size10.clo
File: size10.clo 2025/01/22 v1.4n Standard LaTeX file (size option)
)
\c@part=\count275
\c@section=\count276
\c@subsection=\count277
\c@subsubsection=\count278
\c@paragraph=\count279
\c@subparagraph=\count280
\c@figure=\count281
\c@table=\count282
\abovecaptionskip=\skip49
\belowcaptionskip=\skip50
\bibindent=\dimen148
) (c:/Users/User/AppData/Roaming/TinyTeX/texmf-dist/tex/latex/xcolor/xcolor.sty
Package: xcolor 2024/09/29 v3.02 LaTeX color extensions (UK)
(c:/Users/User/AppData/Roaming/TinyTeX/texmf-dist/tex/latex/graphics-cfg/color.cfg
File: color.cfg 2016/01/02 v1.6 sample color configuration
)
Package xcolor Info: Driver file: pdftex.def on input line 274.
(c:/Users/User/AppData/Roaming/TinyTeX/texmf-dist/tex/latex/graphics-def/pdftex.def
File: pdftex.def 2025/09/29 v1.2d Graphics/color driver for pdftex
) (c:/Users/User/AppData/Roaming/TinyTeX/texmf-dist/tex/latex/graphics/mathcolor.ltx)
Package xcolor Info: Model `cmy' substituted by `cmy0' on input line 1349.
Package xcolor Info: Model `hsb' substituted by `rgb' on input line 1353.
Package xcolor Info: Model `RGB' extended on input line 1365.
Package xcolor Info: Model `HTML' substituted by `rgb' on input line 1367.
Package xcolor Info: Model `Hsb' substituted by `hsb' on input line 1368.
Package xcolor Info: Model `tHsb' substituted by `hsb' on input line 1369.
Package xcolor Info: Model `HSB' substituted by `hsb' on input line 1370.
Package xcolor Info: Model `Gray' substituted by `gray' on input line 1371.
Package xcolor Info: Model `wave' substituted by `hsb' on input line 1372.
) (c:/Users/User/AppData/Roaming/TinyTeX/texmf-dist/tex/latex/geometry/geometry.sty
Package: geometry 2020/01/02 v5.9 Page Geometry
(c:/Users/User/AppData/Roaming/TinyTeX/texmf-dist/tex/latex/graphics/keyval.sty
Package: keyval 2022/05/29 v1.15 key=value parser (DPC)
\KV@toks@=\toks17
) (c:/Users/User/AppData/Roaming/TinyTeX/texmf-dist/tex/generic/iftex/ifvtex.sty
Package: ifvtex 2019/10/25 v1.7 ifvtex legacy package. Use iftex instead.
(c:/Users/User/AppData/Roaming/TinyTeX/texmf-dist/tex/generic/iftex/iftex.sty
Package: iftex 2024/12/12 v1.0g TeX engine tests
))
\Gm@cnth=\count283
\Gm@cntv=\count284
\c@Gm@tempcnt=\count285
\Gm@bindingoffset=\dimen149
\Gm@wd@mp=\dimen150
\Gm@odd@mp=\dimen151
\Gm@even@mp=\dimen152
\Gm@layoutwidth=\dimen153
\Gm@layoutheight=\dimen154
\Gm@layouthoffset=\dimen155
\Gm@layoutvoffset=\dimen156
\Gm@dimlist=\toks18
) (c:/Users/User/AppData/Roaming/TinyTeX/texmf-dist/tex/latex/amsmath/amsmath.sty
Package: amsmath 2025/07/09 v2.17z AMS math features
\@mathmargin=\skip51
For additional information on amsmath, use the `?' option.
(c:/Users/User/AppData/Roaming/TinyTeX/texmf-dist/tex/latex/amsmath/amstext.sty
Package: amstext 2024/11/17 v2.01 AMS text
(c:/Users/User/AppData/Roaming/TinyTeX/texmf-dist/tex/latex/amsmath/amsgen.sty
File: amsgen.sty 1999/11/30 v2.0 generic functions
\@emptytoks=\toks19
\ex@=\dimen157
)) (c:/Users/User/AppData/Roaming/TinyTeX/texmf-dist/tex/latex/amsmath/amsbsy.sty
Package: amsbsy 1999/11/29 v1.2d Bold Symbols
\pmbraise@=\dimen158
) (c:/Users/User/AppData/Roaming/TinyTeX/texmf-dist/tex/latex/amsmath/amsopn.sty
Package: amsopn 2022/04/08 v2.04 operator names
)
\inf@bad=\count286
LaTeX Info: Redefining \frac on input line 233.
\uproot@=\count287
\leftroot@=\count288
LaTeX Info: Redefining \overline on input line 398.
LaTeX Info: Redefining \colon on input line 409.
\classnum@=\count289
\DOTSCASE@=\count290
LaTeX Info: Redefining \ldots on input line 495.
LaTeX Info: Redefining \dots on input line 498.
LaTeX Info: Redefining \cdots on input line 619.
\Mathstrutbox@=\box53
\strutbox@=\box54
LaTeX Info: Redefining \big on input line 721.
LaTeX Info: Redefining \Big on input line 722.
LaTeX Info: Redefining \bigg on input line 723.
LaTeX Info: Redefining \Bigg on input line 724.
\big@size=\dimen159
LaTeX Font Info:    Redeclaring font encoding OML on input line 742.
LaTeX Font Info:    Redeclaring font encoding OMS on input line 743.
\macc@depth=\count291
LaTeX Info: Redefining \bmod on input line 904.
LaTeX Info: Redefining \pmod on input line 909.
LaTeX Info: Redefining \smash on input line 939.
LaTeX Info: Redefining \relbar on input line 969.
LaTeX Info: Redefining \Relbar on input line 970.
\c@MaxMatrixCols=\count292
\dotsspace@=\muskip17
\c@parentequation=\count293
\dspbrk@lvl=\count294
\tag@help=\toks20
\row@=\count295
\column@=\count296
\maxfields@=\count297
\andhelp@=\toks21
\eqnshift@=\dimen160
\alignsep@=\dimen161
\tagshift@=\dimen162
\tagwidth@=\dimen163
\totwidth@=\dimen164
\lineht@=\dimen165
\@envbody=\toks22
\multlinegap=\skip52
\multlinetaggap=\skip53
\mathdisplay@stack=\toks23
LaTeX Info: Redefining \[ on input line 2950.
LaTeX Info: Redefining \] on input line 2951.
) (c:/Users/User/AppData/Roaming/TinyTeX/texmf-dist/tex/latex/amsfonts/amssymb.sty
Package: amssymb 2013/01/14 v3.01 AMS font symbols
(c:/Users/User/AppData/Roaming/TinyTeX/texmf-dist/tex/latex/amsfonts/amsfonts.sty
Package: amsfonts 2013/01/14 v3.01 Basic AMSFonts support
\symAMSa=\mathgroup4
\symAMSb=\mathgroup5
LaTeX Font Info:    Redeclaring math symbol \hbar on input line 98.
LaTeX Font Info:    Overwriting math alphabet `\mathfrak' in version `bold'
(Font)                  U/euf/m/n --> U/euf/b/n on input line 106.
)) (c:/Users/User/AppData/Roaming/TinyTeX/texmf-dist/tex/latex/base/fontenc.sty
Package: fontenc 2025/07/18 v2.1d Standard LaTeX package
) (c:/Users/User/AppData/Roaming/TinyTeX/texmf-dist/tex/latex/base/inputenc.sty
Package: inputenc 2024/02/08 v1.3d Input encoding file
\inpenc@prehook=\toks24
\inpenc@posthook=\toks25
) (c:/Users/User/AppData/Roaming/TinyTeX/texmf-dist/tex/latex/base/textcomp.sty
Package: textcomp 2024/04/24 v2.1b Standard LaTeX package
) (c:/Users/User/AppData/Roaming/TinyTeX/texmf-dist/tex/latex/lm/lmodern.sty
Package: lmodern 2015/05/01 v1.6.1 Latin Modern Fonts
LaTeX Font Info:    Overwriting symbol font `operators' in version `normal'
(Font)                  OT1/cmr/m/n --> OT1/lmr/m/n on input line 22.
LaTeX Font Info:    Overwriting symbol font `letters' in version `normal'
(Font)                  OML/cmm/m/it --> OML/lmm/m/it on input line 23.
LaTeX Font Info:    Overwriting symbol font `symbols' in version `normal'
(Font)                  OMS/cmsy/m/n --> OMS/lmsy/m/n on input line 24.
LaTeX Font Info:    Overwriting symbol font `largesymbols' in version `normal'
(Font)                  OMX/cmex/m/n --> OMX/lmex/m/n on input line 25.
LaTeX Font Info:    Overwriting symbol font `operators' in version `bold'
(Font)                  OT1/cmr/bx/n --> OT1/lmr/bx/n on input line 26.
LaTeX Font Info:    Overwriting symbol font `letters' in version `bold'
(Font)                  OML/cmm/b/it --> OML/lmm/b/it on input line 27.
LaTeX Font Info:    Overwriting symbol font `symbols' in version `bold'
(Font)                  OMS/cmsy/b/n --> OMS/lmsy/b/n on input line 28.
LaTeX Font Info:    Overwriting symbol font `largesymbols' in version `bold'
(Font)                  OMX/cmex/m/n --> OMX/lmex/m/n on input line 29.
LaTeX Font Info:    Overwriting math alphabet `\mathbf' in version `normal'
(Font)                  OT1/cmr/bx/n --> OT1/lmr/bx/n on input line 31.
LaTeX Font Info:    Overwriting math alphabet `\mathsf' in version `normal'
(Font)                  OT1/cmss/m/n --> OT1/lmss/m/n on input line 32.
LaTeX Font Info:    Overwriting math alphabet `\mathit' in version `normal'
(Font)                  OT1/cmr/m/it --> OT1/lmr/m/it on input line 33.
LaTeX Font Info:    Overwriting math alphabet `\mathtt' in version `normal'
(Font)                  OT1/cmtt/m/n --> OT1/lmtt/m/n on input line 34.
LaTeX Font Info:    Overwriting math alphabet `\mathbf' in version `bold'
(Font)                  OT1/cmr/bx/n --> OT1/lmr/bx/n on input line 35.
LaTeX Font Info:    Overwriting math alphabet `\mathsf' in version `bold'
(Font)                  OT1/cmss/bx/n --> OT1/lmss/bx/n on input line 36.
LaTeX Font Info:    Overwriting math alphabet `\mathit' in version `bold'
(Font)                  OT1/cmr/bx/it --> OT1/lmr/bx/it on input line 37.
LaTeX Font Info:    Overwriting math alphabet `\mathtt' in version `bold'
(Font)                  OT1/cmtt/m/n --> OT1/lmtt/m/n on input line 38.
) (c:/Users/User/AppData/Roaming/TinyTeX/texmf-dist/tex/latex/upquote/upquote.sty
Package: upquote 2012/04/19 v1.3 upright-quote and grave-accent glyphs in verbatim
) (c:/Users/User/AppData/Roaming/TinyTeX/texmf-dist/tex/latex/microtype/microtype.sty
Package: microtype 2025/07/09 v3.2b Micro-typographical refinements (RS)
(c:/Users/User/AppData/Roaming/TinyTeX/texmf-dist/tex/latex/etoolbox/etoolbox.sty
Package: etoolbox 2025/10/02 v2.5m e-TeX tools for LaTeX (JAW)
\etb@tempcnta=\count298
)
\MT@toks=\toks26
\MT@tempbox=\box55
\MT@count=\count299
LaTeX Info: Redefining \noprotrusionifhmode on input line 1087.
LaTeX Info: Redefining \leftprotrusion on input line 1088.
\MT@prot@toks=\toks27
LaTeX Info: Redefining \rightprotrusion on input line 1107.
LaTeX Info: Redefining \textls on input line 1449.
\MT@outer@kern=\dimen166
LaTeX Info: Redefining \microtypecontext on input line 2053.
LaTeX Info: Redefining \textmicrotypecontext on input line 2070.
\MT@listname@count=\count300
(c:/Users/User/AppData/Roaming/TinyTeX/texmf-dist/tex/latex/microtype/microtype-pdftex.def
File: microtype-pdftex.def 2025/07/09 v3.2b Definitions specific to pdftex (RS)
LaTeX Info: Redefining \lsstyle on input line 944.
LaTeX Info: Redefining \lslig on input line 944.
\MT@outer@space=\skip54
)
Package microtype Info: Loading configuration file microtype.cfg.
(c:/Users/User/AppData/Roaming/TinyTeX/texmf-dist/tex/latex/microtype/microtype.cfg
File: microtype.cfg 2025/07/09 v3.2b microtype main configuration file (RS)
)
LaTeX Info: Redefining \microtypesetup on input line 3065.
) (c:/Users/User/AppData/Roaming/TinyTeX/texmf-dist/tex/latex/parskip/parskip.sty
Package: parskip 2021-03-14 v2.0h non-zero parskip adjustments
(c:/Users/User/AppData/Roaming/TinyTeX/texmf-dist/tex/latex/kvoptions/kvoptions.sty
Package: kvoptions 2022-06-15 v3.15 Key value format for package options (HO)
(c:/Users/User/AppData/Roaming/TinyTeX/texmf-dist/tex/generic/ltxcmds/ltxcmds.sty
Package: ltxcmds 2023-12-04 v1.26 LaTeX kernel commands for general use (HO)
) (c:/Users/User/AppData/Roaming/TinyTeX/texmf-dist/tex/latex/kvsetkeys/kvsetkeys.sty
Package: kvsetkeys 2022-10-05 v1.19 Key value parser (HO)
))) (c:/Users/User/AppData/Roaming/TinyTeX/texmf-dist/tex/latex/fancyvrb/fancyvrb.sty
Package: fancyvrb 2025/07/28 4.6 verbatim text (tvz,hv)
\FV@CodeLineNo=\count301
\FV@InFile=\read2
\FV@TabBox=\box56
\c@FancyVerbLine=\count302
\FV@StepNumber=\count303
\FV@OutFile=\write3
) (c:/Users/User/AppData/Roaming/TinyTeX/texmf-dist/tex/latex/framed/framed.sty
Package: framed 2011/10/22 v 0.96: framed or shaded text with page breaks
\OuterFrameSep=\skip55
\fb@frw=\dimen167
\fb@frh=\dimen168
\FrameRule=\dimen169
\FrameSep=\dimen170
) (c:/Users/User/AppData/Roaming/TinyTeX/texmf-dist/tex/latex/tools/longtable.sty
Package: longtable 2025-10-13 v4.24 Multi-page Table package (DPC)
\LTleft=\skip56
\LTright=\skip57
\LTpre=\skip58
\LTpost=\skip59
\LTchunksize=\count304
\LTcapwidth=\dimen171
\LT@head=\box57
\LT@firsthead=\box58
\LT@foot=\box59
\LT@lastfoot=\box60
\LT@gbox=\box61
\LT@cols=\count305
\LT@rows=\count306
\c@LT@tables=\count307
\c@LT@chunks=\count308
\LT@p@ftn=\toks28
) (c:/Users/User/AppData/Roaming/TinyTeX/texmf-dist/tex/latex/booktabs/booktabs.sty
Package: booktabs 2020/01/12 v1.61803398 Publication quality tables
\heavyrulewidth=\dimen172
\lightrulewidth=\dimen173
\cmidrulewidth=\dimen174
\belowrulesep=\dimen175
\belowbottomsep=\dimen176
\aboverulesep=\dimen177
\abovetopsep=\dimen178
\cmidrulesep=\dimen179
\cmidrulekern=\dimen180
\defaultaddspace=\dimen181
\@cmidla=\count309
\@cmidlb=\count310
\@aboverulesep=\dimen182
\@belowrulesep=\dimen183
\@thisruleclass=\count311
\@lastruleclass=\count312
\@thisrulewidth=\dimen184
) (c:/Users/User/AppData/Roaming/TinyTeX/texmf-dist/tex/latex/tools/array.sty
Package: array 2025/09/25 v2.6n Tabular extension package (FMi)
\col@sep=\dimen185
\ar@mcellbox=\box62
\extrarowheight=\dimen186
\NC@list=\toks29
\extratabsurround=\skip60
\backup@length=\skip61
\ar@cellbox=\box63
)
\c@none=\count313
(c:/Users/User/AppData/Roaming/TinyTeX/texmf-dist/tex/latex/tools/calc.sty
Package: calc 2025/03/01 v4.3b Infix arithmetic (KKT,FJ)
\calc@Acount=\count314
\calc@Bcount=\count315
\calc@Adimen=\dimen187
\calc@Bdimen=\dimen188
\calc@Askip=\skip62
\calc@Bskip=\skip63
LaTeX Info: Redefining \setlength on input line 86.
LaTeX Info: Redefining \addtolength on input line 87.
\calc@Ccount=\count316
\calc@Cskip=\skip64
) (c:/Users/User/AppData/Roaming/TinyTeX/texmf-dist/tex/latex/mdwtools/footnote.sty
Package: footnote 1997/01/28 1.13 Save footnotes around boxes
\fn@notes=\box64
\fn@width=\dimen189
) (c:/Users/User/AppData/Roaming/TinyTeX/texmf-dist/tex/latex/graphics/graphicx.sty
Package: graphicx 2024/12/31 v1.2e Enhanced LaTeX Graphics (DPC,SPQR)
(c:/Users/User/AppData/Roaming/TinyTeX/texmf-dist/tex/latex/graphics/graphics.sty
Package: graphics 2024/08/06 v1.4g Standard LaTeX Graphics (DPC,SPQR)
(c:/Users/User/AppData/Roaming/TinyTeX/texmf-dist/tex/latex/graphics/trig.sty
Package: trig 2023/12/02 v1.11 sin cos tan (DPC)
) (c:/Users/User/AppData/Roaming/TinyTeX/texmf-dist/tex/latex/graphics-cfg/graphics.cfg
File: graphics.cfg 2016/06/04 v1.11 sample graphics configuration
)
Package graphics Info: Driver file: pdftex.def on input line 106.
)
\Gin@req@height=\dimen190
\Gin@req@width=\dimen191
)
\pandoc@box=\box65
(c:/Users/User/AppData/Roaming/TinyTeX/texmf-dist/tex/latex/bookmark/bookmark.sty
Package: bookmark 2023-12-10 v1.31 PDF bookmarks (HO)
(c:/Users/User/AppData/Roaming/TinyTeX/texmf-dist/tex/latex/hyperref/hyperref.sty
Package: hyperref 2026-01-29 v7.01p Hypertext links for LaTeX
(c:/Users/User/AppData/Roaming/TinyTeX/texmf-dist/tex/generic/kvdefinekeys/kvdefinekeys.sty
Package: kvdefinekeys 2019-12-19 v1.6 Define keys (HO)
) (c:/Users/User/AppData/Roaming/TinyTeX/texmf-dist/tex/generic/pdfescape/pdfescape.sty
Package: pdfescape 2019/12/09 v1.15 Implements pdfTeX's escape features (HO)
(c:/Users/User/AppData/Roaming/TinyTeX/texmf-dist/tex/generic/pdftexcmds/pdftexcmds.sty
Package: pdftexcmds 2020-06-27 v0.33 Utility functions of pdfTeX for LuaTeX (HO)
(c:/Users/User/AppData/Roaming/TinyTeX/texmf-dist/tex/generic/infwarerr/infwarerr.sty
Package: infwarerr 2019/12/03 v1.5 Providing info/warning/error messages (HO)
)
Package pdftexcmds Info: \pdf@primitive is available.
Package pdftexcmds Info: \pdf@ifprimitive is available.
Package pdftexcmds Info: \pdfdraftmode found.
)) (c:/Users/User/AppData/Roaming/TinyTeX/texmf-dist/tex/latex/hycolor/hycolor.sty
Package: hycolor 2020-01-27 v1.10 Color options for hyperref/bookmark (HO)
) (c:/Users/User/AppData/Roaming/TinyTeX/texmf-dist/tex/latex/hyperref/nameref.sty
Package: nameref 2026-01-29 v2.58 Cross-referencing by name of section
(c:/Users/User/AppData/Roaming/TinyTeX/texmf-dist/tex/latex/refcount/refcount.sty
Package: refcount 2019/12/15 v3.6 Data extraction from label references (HO)
) (c:/Users/User/AppData/Roaming/TinyTeX/texmf-dist/tex/generic/gettitlestring/gettitlestring.sty
Package: gettitlestring 2019/12/15 v1.6 Cleanup title references (HO)
)
\c@section@level=\count317
) (c:/Users/User/AppData/Roaming/TinyTeX/texmf-dist/tex/generic/stringenc/stringenc.sty
Package: stringenc 2019/11/29 v1.12 Convert strings between diff. encodings (HO)
)
\@linkdim=\dimen192
\Hy@linkcounter=\count318
\Hy@pagecounter=\count319
(c:/Users/User/AppData/Roaming/TinyTeX/texmf-dist/tex/latex/hyperref/pd1enc.def
File: pd1enc.def 2026-01-29 v7.01p Hyperref: PDFDocEncoding definition (HO)
Now handling font encoding PD1 ...
... no UTF-8 mapping file for font encoding PD1
) (c:/Users/User/AppData/Roaming/TinyTeX/texmf-dist/tex/generic/intcalc/intcalc.sty
Package: intcalc 2019/12/15 v1.3 Expandable calculations with integers (HO)
)
\Hy@SavedSpaceFactor=\count320
(c:/Users/User/AppData/Roaming/TinyTeX/texmf-dist/tex/latex/hyperref/puenc.def
File: puenc.def 2026-01-29 v7.01p Hyperref: PDF Unicode definition (HO)
Now handling font encoding PU ...
... no UTF-8 mapping file for font encoding PU
)
Package hyperref Info: Option `unicode' set `true' on input line 4072.
Package hyperref Info: Hyper figures OFF on input line 4201.
Package hyperref Info: Link nesting OFF on input line 4206.
Package hyperref Info: Hyper index ON on input line 4209.
Package hyperref Info: Plain pages OFF on input line 4216.
Package hyperref Info: Backreferencing OFF on input line 4221.
Package hyperref Info: Implicit mode ON; LaTeX internals redefined.
Package hyperref Info: Bookmarks ON on input line 4468.
\c@Hy@tempcnt=\count321
(c:/Users/User/AppData/Roaming/TinyTeX/texmf-dist/tex/latex/url/url.sty
\Urlmuskip=\muskip18
Package: url 2013/09/16  ver 3.4  Verb mode for urls, etc.
)
LaTeX Info: Redefining \url on input line 4807.
\XeTeXLinkMargin=\dimen193
(c:/Users/User/AppData/Roaming/TinyTeX/texmf-dist/tex/generic/bitset/bitset.sty
Package: bitset 2019/12/09 v1.3 Handle bit-vector datatype (HO)
(c:/Users/User/AppData/Roaming/TinyTeX/texmf-dist/tex/generic/bigintcalc/bigintcalc.sty
Package: bigintcalc 2019/12/15 v1.5 Expandable calculations on big integers (HO)
))
\Fld@menulength=\count322
\Field@Width=\dimen194
\Fld@charsize=\dimen195
Package hyperref Info: Hyper figures OFF on input line 6084.
Package hyperref Info: Link nesting OFF on input line 6089.
Package hyperref Info: Hyper index ON on input line 6092.
Package hyperref Info: backreferencing OFF on input line 6099.
Package hyperref Info: Link coloring OFF on input line 6104.
Package hyperref Info: Link coloring with OCG OFF on input line 6109.
Package hyperref Info: PDF/A mode OFF on input line 6114.
\Hy@abspage=\count323
\c@Item=\count324
\c@Hfootnote=\count325
)
Package hyperref Info: Driver (autodetected): hpdftex.
(c:/Users/User/AppData/Roaming/TinyTeX/texmf-dist/tex/latex/hyperref/hpdftex.def
File: hpdftex.def 2026-01-29 v7.01p Hyperref driver for pdfTeX
\Fld@listcount=\count326
\c@bookmark@seq@number=\count327
(c:/Users/User/AppData/Roaming/TinyTeX/texmf-dist/tex/latex/rerunfilecheck/rerunfilecheck.sty
Package: rerunfilecheck 2025-06-21 v1.11 Rerun checks for auxiliary files (HO)
(c:/Users/User/AppData/Roaming/TinyTeX/texmf-dist/tex/generic/uniquecounter/uniquecounter.sty
Package: uniquecounter 2019/12/15 v1.4 Provide unlimited unique counter (HO)
)
Package uniquecounter Info: New unique counter `rerunfilecheck' on input line 284.
)
\Hy@SectionHShift=\skip65
) (c:/Users/User/AppData/Roaming/TinyTeX/texmf-dist/tex/latex/bookmark/bkm-pdftex.def
File: bkm-pdftex.def 2023-12-10 v1.31 bookmark driver for pdfTeX and luaTeX (HO)
\BKM@id=\count328
))
LaTeX Font Info:    Trying to load font information for T1+lmr on input line 122.
(c:/Users/User/AppData/Roaming/TinyTeX/texmf-dist/tex/latex/lm/t1lmr.fd
File: t1lmr.fd 2015/05/01 v1.6.1 Font defs for Latin Modern
) (c:/Users/User/AppData/Roaming/TinyTeX/texmf-dist/tex/latex/l3backend/l3backend-pdftex.def
File: l3backend-pdftex.def 2025-10-09 L3 backend support: PDF output (pdfTeX)
\l__color_backend_stack_int=\count329
) (./Final-Project.aux)
\openout1 = `Final-Project.aux'.

LaTeX Font Info:    Checking defaults for OML/cmm/m/it on input line 122.
LaTeX Font Info:    ... okay on input line 122.
LaTeX Font Info:    Checking defaults for OMS/cmsy/m/n on input line 122.
LaTeX Font Info:    ... okay on input line 122.
LaTeX Font Info:    Checking defaults for OT1/cmr/m/n on input line 122.
LaTeX Font Info:    ... okay on input line 122.
LaTeX Font Info:    Checking defaults for T1/cmr/m/n on input line 122.
LaTeX Font Info:    ... okay on input line 122.
LaTeX Font Info:    Checking defaults for TS1/cmr/m/n on input line 122.
LaTeX Font Info:    ... okay on input line 122.
LaTeX Font Info:    Checking defaults for OMX/cmex/m/n on input line 122.
LaTeX Font Info:    ... okay on input line 122.
LaTeX Font Info:    Checking defaults for U/cmr/m/n on input line 122.
LaTeX Font Info:    ... okay on input line 122.
LaTeX Font Info:    Checking defaults for PD1/pdf/m/n on input line 122.
LaTeX Font Info:    ... okay on input line 122.
LaTeX Font Info:    Checking defaults for PU/pdf/m/n on input line 122.
LaTeX Font Info:    ... okay on input line 122.
(c:/Users/User/AppData/Roaming/TinyTeX/texmf-dist/tex/latex/epstopdf-pkg/epstopdf-base.sty
Package: epstopdf-base 2020-01-24 v2.11 Base part for package epstopdf
Package epstopdf-base Info: Redefining graphics rule for `.eps' on input line 485.
(c:/Users/User/AppData/Roaming/TinyTeX/texmf-dist/tex/latex/latexconfig/epstopdf-sys.cfg
File: epstopdf-sys.cfg 2010/07/13 v1.3 Configuration of (r)epstopdf for TeX Live
))
*geometry* driver: auto-detecting
*geometry* detected driver: pdftex
*geometry* verbose mode - [ preamble ] result:
* driver: pdftex
* paper: <default>
* layout: <same size as paper>
* layoutoffset:(h,v)=(0.0pt,0.0pt)
* modes: 
* h-part:(L,W,R)=(72.26999pt, 469.75502pt, 72.26999pt)
* v-part:(T,H,B)=(72.26999pt, 650.43001pt, 72.26999pt)
* \paperwidth=614.295pt
* \paperheight=794.96999pt
* \textwidth=469.75502pt
* \textheight=650.43001pt
* \oddsidemargin=0.0pt
* \evensidemargin=0.0pt
* \topmargin=-37.0pt
* \headheight=12.0pt
* \headsep=25.0pt
* \topskip=10.0pt
* \footskip=30.0pt
* \marginparwidth=65.0pt
* \marginparsep=11.0pt
* \columnsep=10.0pt
* \skip\footins=9.0pt plus 4.0pt minus 2.0pt
* \hoffset=0.0pt
* \voffset=0.0pt
* \mag=1000
* \@twocolumnfalse
* \@twosidefalse
* \@mparswitchfalse
* \@reversemarginfalse
* (1in=72.27pt=25.4mm, 1cm=28.453pt)

LaTeX Info: Redefining \microtypecontext on input line 122.
Package microtype Info: Applying patch `item' on input line 122.
Package microtype Info: Applying patch `toc' on input line 122.
Package microtype Info: Applying patch `eqnum' on input line 122.

Package microtype Warning: Unable to apply patch `footnote' on input line 122.

Package microtype Info: Applying patch `verbatim' on input line 122.
LaTeX Info: Redefining \microtypesetup on input line 122.
Package microtype Info: Generating PDF output.
Package microtype Info: Character protrusion enabled (level 2).
Package microtype Info: Using protrusion set `basicmath'.
Package microtype Info: Automatic font expansion enabled (level 2),
(microtype)             stretch: 20, shrink: 20, step: 1, non-selected.
Package microtype Info: Using default expansion set `alltext-nott'.
Package microtype Info: Patching command `\showhyphens'.
Package microtype Info: No adjustment of tracking.
Package microtype Info: No adjustment of interword spacing.
Package microtype Info: No adjustment of character kerning.
(c:/Users/User/AppData/Roaming/TinyTeX/texmf-dist/tex/latex/microtype/mt-cmr.cfg
File: mt-cmr.cfg 2013/05/19 v2.2 microtype config. file: Computer Modern Roman (RS)
)
Package hyperref Info: Link coloring OFF on input line 122.
LaTeX Font Info:    Trying to load font information for OT1+lmr on input line 124.
(c:/Users/User/AppData/Roaming/TinyTeX/texmf-dist/tex/latex/lm/ot1lmr.fd
File: ot1lmr.fd 2015/05/01 v1.6.1 Font defs for Latin Modern
)
LaTeX Font Info:    Trying to load font information for OML+lmm on input line 124.
(c:/Users/User/AppData/Roaming/TinyTeX/texmf-dist/tex/latex/lm/omllmm.fd
File: omllmm.fd 2015/05/01 v1.6.1 Font defs for Latin Modern
)
LaTeX Font Info:    Trying to load font information for OMS+lmsy on input line 124.
(c:/Users/User/AppData/Roaming/TinyTeX/texmf-dist/tex/latex/lm/omslmsy.fd
File: omslmsy.fd 2015/05/01 v1.6.1 Font defs for Latin Modern
)
LaTeX Font Info:    Trying to load font information for OMX+lmex on input line 124.
(c:/Users/User/AppData/Roaming/TinyTeX/texmf-dist/tex/latex/lm/omxlmex.fd
File: omxlmex.fd 2015/05/01 v1.6.1 Font defs for Latin Modern
)
LaTeX Font Info:    External font `lmex10' loaded for size
(Font)              <12> on input line 124.
LaTeX Font Info:    External font `lmex10' loaded for size
(Font)              <8> on input line 124.
LaTeX Font Info:    External font `lmex10' loaded for size
(Font)              <6> on input line 124.
LaTeX Font Info:    Trying to load font information for U+msa on input line 124.
(c:/Users/User/AppData/Roaming/TinyTeX/texmf-dist/tex/latex/amsfonts/umsa.fd
File: umsa.fd 2013/01/14 v3.01 AMS symbols A
) (c:/Users/User/AppData/Roaming/TinyTeX/texmf-dist/tex/latex/microtype/mt-msa.cfg
File: mt-msa.cfg 2006/02/04 v1.1 microtype config. file: AMS symbols (a) (RS)
)
LaTeX Font Info:    Trying to load font information for U+msb on input line 124.
(c:/Users/User/AppData/Roaming/TinyTeX/texmf-dist/tex/latex/amsfonts/umsb.fd
File: umsb.fd 2013/01/14 v3.01 AMS symbols B
) (c:/Users/User/AppData/Roaming/TinyTeX/texmf-dist/tex/latex/microtype/mt-msb.cfg
File: mt-msb.cfg 2005/06/01 v1.0 microtype config. file: AMS symbols (b) (RS)
)
LaTeX Font Info:    Trying to load font information for T1+lmtt on input line 130.
(c:/Users/User/AppData/Roaming/TinyTeX/texmf-dist/tex/latex/lm/t1lmtt.fd
File: t1lmtt.fd 2015/05/01 v1.6.1 Font defs for Latin Modern
)
LaTeX Font Info:    Font shape `T1/lmtt/bx/n' in size <10> not available
(Font)              Font shape `T1/lmtt/b/n' tried instead on input line 131.
LaTeX Font Info:    Trying to load font information for TS1+lmtt on input line 137.
(c:/Users/User/AppData/Roaming/TinyTeX/texmf-dist/tex/latex/lm/ts1lmtt.fd
File: ts1lmtt.fd 2015/05/01 v1.6.1 Font defs for Latin Modern
)
Overfull \hbox (76.2434pt too wide) in paragraph at lines 150--150
[]\T1/lmtt/m/n/10 ## i Use the conflicted package (<http://conflicted.r-lib.org/>) to force all conflicts to become errors[] 
 []

[1

{c:/Users/User/AppData/Roaming/TinyTeX/texmf-var/fonts/map/pdftex/updmap/pdftex.map}{c:/Users/User/AppData/Roaming/TinyTeX/texmf-dist/fonts/enc/dvips/lm/lm-ec.enc}{c:/Users/User/AppData/Roaming/TinyTeX/texmf-dist/fonts/enc/dvips/lm/lm-ts1.enc}]
LaTeX Font Info:    Trying to load font information for TS1+lmr on input line 208.
(c:/Users/User/AppData/Roaming/TinyTeX/texmf-dist/tex/latex/lm/ts1lmr.fd
File: ts1lmr.fd 2015/05/01 v1.6.1 Font defs for Latin Modern
) [2]
<Final-Project_files/figure-latex/unnamed-chunk-3-1.pdf, id=21, 469.755pt x 325.215pt>
File: Final-Project_files/figure-latex/unnamed-chunk-3-1.pdf Graphic file (type pdf)
<use Final-Project_files/figure-latex/unnamed-chunk-3-1.pdf>
Package pdftex.def Info: Final-Project_files/figure-latex/unnamed-chunk-3-1.pdf  used on input line 264.
(pdftex.def)             Requested size: 469.75386pt x 325.2142pt.
[3 <./Final-Project_files/figure-latex/unnamed-chunk-3-1.pdf>]
<Final-Project_files/figure-latex/unnamed-chunk-4-1.pdf, id=32, 469.755pt x 325.215pt>
File: Final-Project_files/figure-latex/unnamed-chunk-4-1.pdf Graphic file (type pdf)
<use Final-Project_files/figure-latex/unnamed-chunk-4-1.pdf>
Package pdftex.def Info: Final-Project_files/figure-latex/unnamed-chunk-4-1.pdf  used on input line 276.
(pdftex.def)             Requested size: 469.75386pt x 325.2142pt.
[4 <./Final-Project_files/figure-latex/unnamed-chunk-4-1.pdf>]
<Final-Project_files/figure-latex/unnamed-chunk-5-1.pdf, id=42, 469.755pt x 325.215pt>
File: Final-Project_files/figure-latex/unnamed-chunk-5-1.pdf Graphic file (type pdf)
<use Final-Project_files/figure-latex/unnamed-chunk-5-1.pdf>
Package pdftex.def Info: Final-Project_files/figure-latex/unnamed-chunk-5-1.pdf  used on input line 288.
(pdftex.def)             Requested size: 469.75386pt x 325.2142pt.
[5 <./Final-Project_files/figure-latex/unnamed-chunk-5-1.pdf>]
<Final-Project_files/figure-latex/unnamed-chunk-6-1.pdf, id=52, 469.755pt x 325.215pt>
File: Final-Project_files/figure-latex/unnamed-chunk-6-1.pdf Graphic file (type pdf)
<use Final-Project_files/figure-latex/unnamed-chunk-6-1.pdf>
Package pdftex.def Info: Final-Project_files/figure-latex/unnamed-chunk-6-1.pdf  used on input line 300.
(pdftex.def)             Requested size: 469.75386pt x 325.2142pt.
[6 <./Final-Project_files/figure-latex/unnamed-chunk-6-1.pdf>]
<Final-Project_files/figure-latex/unnamed-chunk-7-1.pdf, id=62, 469.755pt x 325.215pt>
File: Final-Project_files/figure-latex/unnamed-chunk-7-1.pdf Graphic file (type pdf)
<use Final-Project_files/figure-latex/unnamed-chunk-7-1.pdf>
Package pdftex.def Info: Final-Project_files/figure-latex/unnamed-chunk-7-1.pdf  used on input line 312.
(pdftex.def)             Requested size: 469.75386pt x 325.2142pt.
[7 <./Final-Project_files/figure-latex/unnamed-chunk-7-1.pdf>]
<Final-Project_files/figure-latex/unnamed-chunk-8-1.pdf, id=73, 469.755pt x 325.215pt>
File: Final-Project_files/figure-latex/unnamed-chunk-8-1.pdf Graphic file (type pdf)
<use Final-Project_files/figure-latex/unnamed-chunk-8-1.pdf>
Package pdftex.def Info: Final-Project_files/figure-latex/unnamed-chunk-8-1.pdf  used on input line 323.
(pdftex.def)             Requested size: 469.75386pt x 325.2142pt.
[8 <./Final-Project_files/figure-latex/unnamed-chunk-8-1.pdf>]
<Final-Project_files/figure-latex/unnamed-chunk-9-1.pdf, id=83, 469.755pt x 325.215pt>
File: Final-Project_files/figure-latex/unnamed-chunk-9-1.pdf Graphic file (type pdf)
<use Final-Project_files/figure-latex/unnamed-chunk-9-1.pdf>
Package pdftex.def Info: Final-Project_files/figure-latex/unnamed-chunk-9-1.pdf  used on input line 334.
(pdftex.def)             Requested size: 469.75386pt x 325.2142pt.

Underfull \hbox (badness 10000) in paragraph at lines 334--336
[][]
 []

[9 <./Final-Project_files/figure-latex/unnamed-chunk-9-1.pdf>]
<Final-Project_files/figure-latex/unnamed-chunk-10-1.pdf, id=93, 469.755pt x 325.215pt>
File: Final-Project_files/figure-latex/unnamed-chunk-10-1.pdf Graphic file (type pdf)
<use Final-Project_files/figure-latex/unnamed-chunk-10-1.pdf>
Package pdftex.def Info: Final-Project_files/figure-latex/unnamed-chunk-10-1.pdf  used on input line 374.
(pdftex.def)             Requested size: 469.75386pt x 325.2142pt.
[10 <./Final-Project_files/figure-latex/unnamed-chunk-10-1.pdf>]
<Final-Project_files/figure-latex/unnamed-chunk-11-1.pdf, id=103, 469.755pt x 325.215pt>
File: Final-Project_files/figure-latex/unnamed-chunk-11-1.pdf Graphic file (type pdf)
<use Final-Project_files/figure-latex/unnamed-chunk-11-1.pdf>
Package pdftex.def Info: Final-Project_files/figure-latex/unnamed-chunk-11-1.pdf  used on input line 385.
(pdftex.def)             Requested size: 469.75386pt x 325.2142pt.
[11 <./Final-Project_files/figure-latex/unnamed-chunk-11-1.pdf>]
<Final-Project_files/figure-latex/unnamed-chunk-12-1.pdf, id=113, 469.755pt x 325.215pt>
File: Final-Project_files/figure-latex/unnamed-chunk-12-1.pdf Graphic file (type pdf)
<use Final-Project_files/figure-latex/unnamed-chunk-12-1.pdf>
Package pdftex.def Info: Final-Project_files/figure-latex/unnamed-chunk-12-1.pdf  used on input line 396.
(pdftex.def)             Requested size: 469.75386pt x 325.2142pt.

Underfull \hbox (badness 10000) in paragraph at lines 396--398
[][]
 []

[12 <./Final-Project_files/figure-latex/unnamed-chunk-12-1.pdf>]
<Final-Project_files/figure-latex/unnamed-chunk-13-1.pdf, id=123, 469.755pt x 325.215pt>
File: Final-Project_files/figure-latex/unnamed-chunk-13-1.pdf Graphic file (type pdf)
<use Final-Project_files/figure-latex/unnamed-chunk-13-1.pdf>
Package pdftex.def Info: Final-Project_files/figure-latex/unnamed-chunk-13-1.pdf  used on input line 479.
(pdftex.def)             Requested size: 469.75386pt x 325.2142pt.
[13]
<Final-Project_files/figure-latex/unnamed-chunk-13-2.pdf, id=129, 469.755pt x 325.215pt>
File: Final-Project_files/figure-latex/unnamed-chunk-13-2.pdf Graphic file (type pdf)
<use Final-Project_files/figure-latex/unnamed-chunk-13-2.pdf>
Package pdftex.def Info: Final-Project_files/figure-latex/unnamed-chunk-13-2.pdf  used on input line 487.
(pdftex.def)             Requested size: 469.75386pt x 325.2142pt.
[14 <./Final-Project_files/figure-latex/unnamed-chunk-13-1.pdf>]
<Final-Project_files/figure-latex/unnamed-chunk-13-3.pdf, id=139, 469.755pt x 325.215pt>
File: Final-Project_files/figure-latex/unnamed-chunk-13-3.pdf Graphic file (type pdf)
<use Final-Project_files/figure-latex/unnamed-chunk-13-3.pdf>
Package pdftex.def Info: Final-Project_files/figure-latex/unnamed-chunk-13-3.pdf  used on input line 497.
(pdftex.def)             Requested size: 469.75386pt x 325.2142pt.

Underfull \hbox (badness 10000) in paragraph at lines 497--499
[][]
 []

[15 <./Final-Project_files/figure-latex/unnamed-chunk-13-2.pdf>] [16 <./Final-Project_files/figure-latex/unnamed-chunk-13-3.pdf>] [17] [18] [19]
<Final-Project_files/figure-latex/unnamed-chunk-18-1.pdf, id=173, 469.755pt x 325.215pt>
File: Final-Project_files/figure-latex/unnamed-chunk-18-1.pdf Graphic file (type pdf)
<use Final-Project_files/figure-latex/unnamed-chunk-18-1.pdf>
Package pdftex.def Info: Final-Project_files/figure-latex/unnamed-chunk-18-1.pdf  used on input line 859.
(pdftex.def)             Requested size: 469.75386pt x 325.2142pt.

Underfull \hbox (badness 10000) in paragraph at lines 859--868
[][]
 []

[20]
<Final-Project_files/figure-latex/unnamed-chunk-19-1.pdf, id=178, 469.755pt x 325.215pt>
File: Final-Project_files/figure-latex/unnamed-chunk-19-1.pdf Graphic file (type pdf)
<use Final-Project_files/figure-latex/unnamed-chunk-19-1.pdf>
Package pdftex.def Info: Final-Project_files/figure-latex/unnamed-chunk-19-1.pdf  used on input line 881.
(pdftex.def)             Requested size: 469.75386pt x 325.2142pt.

Underfull \hbox (badness 10000) in paragraph at lines 881--885
[][]
 []

[21 <./Final-Project_files/figure-latex/unnamed-chunk-18-1.pdf>]
<Final-Project_files/figure-latex/unnamed-chunk-20-1.pdf, id=192, 469.755pt x 325.215pt>
File: Final-Project_files/figure-latex/unnamed-chunk-20-1.pdf Graphic file (type pdf)
<use Final-Project_files/figure-latex/unnamed-chunk-20-1.pdf>
Package pdftex.def Info: Final-Project_files/figure-latex/unnamed-chunk-20-1.pdf  used on input line 895.
(pdftex.def)             Requested size: 469.75386pt x 325.2142pt.

Underfull \hbox (badness 10000) in paragraph at lines 895--900
[][]
 []

[22 <./Final-Project_files/figure-latex/unnamed-chunk-19-1.pdf>]
<Final-Project_files/figure-latex/unnamed-chunk-21-1.pdf, id=203, 469.755pt x 325.215pt>
File: Final-Project_files/figure-latex/unnamed-chunk-21-1.pdf Graphic file (type pdf)
<use Final-Project_files/figure-latex/unnamed-chunk-21-1.pdf>
Package pdftex.def Info: Final-Project_files/figure-latex/unnamed-chunk-21-1.pdf  used on input line 910.
(pdftex.def)             Requested size: 469.75386pt x 325.2142pt.

Underfull \hbox (badness 10000) in paragraph at lines 910--915
[][]
 []

[23 <./Final-Project_files/figure-latex/unnamed-chunk-20-1.pdf>] [24 <./Final-Project_files/figure-latex/unnamed-chunk-21-1.pdf>]
<Final-Project_files/figure-latex/unnamed-chunk-23-1.pdf, id=224, 469.755pt x 325.215pt>
File: Final-Project_files/figure-latex/unnamed-chunk-23-1.pdf Graphic file (type pdf)
<use Final-Project_files/figure-latex/unnamed-chunk-23-1.pdf>
Package pdftex.def Info: Final-Project_files/figure-latex/unnamed-chunk-23-1.pdf  used on input line 956.
(pdftex.def)             Requested size: 469.75386pt x 325.2142pt.

Underfull \hbox (badness 10000) in paragraph at lines 956--961
[][]
 []

<Final-Project_files/figure-latex/unnamed-chunk-24-1.pdf, id=225, 469.755pt x 325.215pt>
File: Final-Project_files/figure-latex/unnamed-chunk-24-1.pdf Graphic file (type pdf)
<use Final-Project_files/figure-latex/unnamed-chunk-24-1.pdf>
Package pdftex.def Info: Final-Project_files/figure-latex/unnamed-chunk-24-1.pdf  used on input line 971.
(pdftex.def)             Requested size: 469.75386pt x 325.2142pt.

Underfull \hbox (badness 10000) in paragraph at lines 971--975
[][]
 []

[25 <./Final-Project_files/figure-latex/unnamed-chunk-23-1.pdf>]
<Final-Project_files/figure-latex/unnamed-chunk-25-1.pdf, id=237, 469.755pt x 325.215pt>
File: Final-Project_files/figure-latex/unnamed-chunk-25-1.pdf Graphic file (type pdf)
<use Final-Project_files/figure-latex/unnamed-chunk-25-1.pdf>
Package pdftex.def Info: Final-Project_files/figure-latex/unnamed-chunk-25-1.pdf  used on input line 985.
(pdftex.def)             Requested size: 469.75386pt x 325.2142pt.

Underfull \hbox (badness 10000) in paragraph at lines 985--990
[][]
 []

[26 <./Final-Project_files/figure-latex/unnamed-chunk-24-1.pdf>] [27 <./Final-Project_files/figure-latex/unnamed-chunk-25-1.pdf>]
<Final-Project_files/figure-latex/unnamed-chunk-26-1.pdf, id=258, 469.755pt x 325.215pt>
File: Final-Project_files/figure-latex/unnamed-chunk-26-1.pdf Graphic file (type pdf)
<use Final-Project_files/figure-latex/unnamed-chunk-26-1.pdf>
Package pdftex.def Info: Final-Project_files/figure-latex/unnamed-chunk-26-1.pdf  used on input line 1004.
(pdftex.def)             Requested size: 469.75386pt x 325.2142pt.
<Final-Project_files/figure-latex/unnamed-chunk-26-2.pdf, id=259, 469.755pt x 325.215pt>
File: Final-Project_files/figure-latex/unnamed-chunk-26-2.pdf Graphic file (type pdf)
<use Final-Project_files/figure-latex/unnamed-chunk-26-2.pdf>
Package pdftex.def Info: Final-Project_files/figure-latex/unnamed-chunk-26-2.pdf  used on input line 1012.
(pdftex.def)             Requested size: 469.75386pt x 325.2142pt.

Underfull \hbox (badness 10000) in paragraph at lines 1012--1015
[][]
 []

[28 <./Final-Project_files/figure-latex/unnamed-chunk-26-1.pdf>] [29 <./Final-Project_files/figure-latex/unnamed-chunk-26-2.pdf>] [30] [31] [32] [33] [34] [35] [36]
<Final-Project_files/figure-latex/unnamed-chunk-31-1.pdf, id=308, 469.755pt x 325.215pt>
File: Final-Project_files/figure-latex/unnamed-chunk-31-1.pdf Graphic file (type pdf)
<use Final-Project_files/figure-latex/unnamed-chunk-31-1.pdf>
Package pdftex.def Info: Final-Project_files/figure-latex/unnamed-chunk-31-1.pdf  used on input line 1662.
(pdftex.def)             Requested size: 469.75386pt x 325.2142pt.

Underfull \hbox (badness 10000) in paragraph at lines 1662--1664
[][]
 []

[37]
Overfull \vbox (1.95093pt too high) detected at line 1710
 []

[38 <./Final-Project_files/figure-latex/unnamed-chunk-31-1.pdf>]
Overfull \hbox (1.76436pt too wide) in paragraph at lines 1739--1740
 []\T1/lmr/m/n/10 (-20) depth
 []


Overfull \hbox (1.76433pt too wide) in paragraph at lines 1759--1759
 []|\T1/lmr/m/n/10 (-20) 28613|
 []


Overfull \hbox (2.91373pt too wide) in paragraph at lines 1760--1760
 []|\T1/lmr/m/n/10 (-20) 6.514713|
 []

[39] [40] (./Final-Project.aux)
 ***********
LaTeX2e <2025-11-01>
L3 programming layer <2026-01-19>
 ***********
 ) 
Here is how much of TeX's memory you used:
 14219 strings out of 469453
 233131 string characters out of 5466174
 688849 words of memory out of 5000000
 42538 multiletter control sequences out of 15000+600000
 658632 words of font info for 117 fonts, out of 8000000 for 9000
 36 hyphenation exceptions out of 8191
 83i,7n,93p,1010b,705s stack positions out of 10000i,1000n,20000p,200000b,200000s
<c:/Users/User/AppData/Roaming/TinyTeX/texmf-dist/fonts/type1/public/lm/lmbx10.pfb><c:/Users/User/AppData/Roaming/TinyTeX/texmf-dist/fonts/type1/public/lm/lmr10.pfb><c:/Users/User/AppData/Roaming/TinyTeX/texmf-dist/fonts/type1/public/lm/lmr12.pfb><c:/Users/User/AppData/Roaming/TinyTeX/texmf-dist/fonts/type1/public/lm/lmr17.pfb><c:/Users/User/AppData/Roaming/TinyTeX/texmf-dist/fonts/type1/public/lm/lmtk10.pfb><c:/Users/User/AppData/Roaming/TinyTeX/texmf-dist/fonts/type1/public/lm/lmtt10.pfb><c:/Users/User/AppData/Roaming/TinyTeX/texmf-dist/fonts/type1/public/lm/lmtti10.pfb>
Output written on Final-Project.pdf (40 pages, 1621491 bytes).
PDF statistics:
 383 PDF objects out of 1000 (max. 8388607)
 276 compressed objects within 3 object streams
 42 named destinations out of 1000 (max. 500000)
 16500 words of extra memory for PDF output out of 17280 (max. 10000000)

